[2026-03-15T05:01:08.877Z] SESSION-START source=startup session_id=4dc5ba46-8b53-4c15-965c-f53b0af7b1aa isCompactRestart=false cacheExists=false convMemory=true
[2026-03-15T05:03:13.361Z] SESSION-START source=startup session_id=0a3cc2be-637b-41b1-bc88-0ae1e4eda3ec isCompactRestart=false cacheExists=false convMemory=true
[2026-03-15T05:05:33.473Z] SESSION-START source=startup session_id=test-123 isCompactRestart=false cacheExists=false convMemory=true
[2026-03-15T05:17:42.962Z] SESSION-START source=startup session_id=test-verify isCompactRestart=false cacheExists=false convMemory=true
[2026-03-15T05:19:18.845Z] STOP session_id=0a3cc2be-637b-41b1-bc88-0ae1e4eda3ec compactFlagPath=null
[2026-03-15T05:31:15.758Z] STOP session_id=0a3cc2be-637b-41b1-bc88-0ae1e4eda3ec compactFlagPath=null
[2026-03-15T05:32:21.036Z] STOP session_id=0a3cc2be-637b-41b1-bc88-0ae1e4eda3ec compactFlagPath=null
[2026-03-15T05:32:26.155Z] STOP session_id=0a3cc2be-637b-41b1-bc88-0ae1e4eda3ec compactFlagPath=null
[2026-03-15T05:32:50.561Z] STOP session_id=0a3cc2be-637b-41b1-bc88-0ae1e4eda3ec compactFlagPath=null
[2026-03-15T05:37:32.404Z] STOP session_id=0a3cc2be-637b-41b1-bc88-0ae1e4eda3ec compactFlagPath=null
[2026-03-15T05:38:34.954Z] STOP session_id=0a3cc2be-637b-41b1-bc88-0ae1e4eda3ec compactFlagPath=null
[2026-03-15T05:40:46.904Z] STOP session_id=0a3cc2be-637b-41b1-bc88-0ae1e4eda3ec compactFlagPath=null
[2026-03-15T05:43:59.473Z] STOP session_id=0a3cc2be-637b-41b1-bc88-0ae1e4eda3ec compactFlagPath=null
[2026-03-15T05:54:27.743Z] SESSION-START source=resume session_id=fe886593-bd32-4f84-899d-8518dd3b21fa isCompactRestart=false cacheExists=false convMemory=true
[2026-03-15T05:54:28.014Z] SESSION-START source=startup session_id=ac472053-7ee1-485f-8b08-d3e58d3fa2ca isCompactRestart=false cacheExists=false convMemory=true
[2026-03-15T05:54:47.261Z] SESSION-START source=resume session_id=f34b9476-f248-4e05-aa3c-9d79d85c47da isCompactRestart=false cacheExists=false convMemory=true
[2026-03-15T05:55:59.831Z] SESSION-START source=resume session_id=f34b9476-f248-4e05-aa3c-9d79d85c47da isCompactRestart=false cacheExists=false convMemory=true
[2026-03-15T05:57:21.855Z] SESSION-START source=startup session_id=05683a6f-bb68-409a-aeee-d160d7f1bdc3 isCompactRestart=false cacheExists=false convMemory=true
[2026-03-15T06:18:44.054Z] STOP session_id=05683a6f-bb68-409a-aeee-d160d7f1bdc3 compactFlagPath=null
[2026-03-15T06:28:49.099Z] STOP session_id=05683a6f-bb68-409a-aeee-d160d7f1bdc3 compactFlagPath=null
[2026-03-15T06:33:01.768Z] STOP session_id=05683a6f-bb68-409a-aeee-d160d7f1bdc3 compactFlagPath=null
[2026-03-15T06:33:18.054Z] STOP session_id=05683a6f-bb68-409a-aeee-d160d7f1bdc3 compactFlagPath=null
[2026-03-15T06:43:31.034Z] STOP session_id=05683a6f-bb68-409a-aeee-d160d7f1bdc3 compactFlagPath=null
[2026-03-15T06:45:35.872Z] SESSION-START source=startup session_id=78ff6cf3-1ab0-452d-9fea-62845afb79c2 isCompactRestart=false cacheExists=false convMemory=true
[2026-03-15T06:45:35.872Z] SESSION-START source=resume session_id=fe886593-bd32-4f84-899d-8518dd3b21fa isCompactRestart=false cacheExists=false convMemory=true
[2026-03-15T06:45:44.709Z] SESSION-START source=startup session_id=b6728b18-85f3-4452-b3d0-a8614281db37 isCompactRestart=false cacheExists=false convMemory=true
[2026-03-15T06:50:44.638Z] STOP session_id=b6728b18-85f3-4452-b3d0-a8614281db37 compactFlagPath=null
[2026-03-15T06:51:03.826Z] STOP session_id=b6728b18-85f3-4452-b3d0-a8614281db37 compactFlagPath=null
