[2026-03-19T02:58:35.048Z] ExitPlanMode fired — session: test-session-123, cwd: /Users/danilokhury/Apps/CriticalPixel
[2026-03-19T02:58:35.049Z] tool_response length: 58, first 200 chars: # Fix: Hide New All Time Lows when < 10 deals for currency
[2026-03-19T02:58:35.238Z] Stored plan: synthetic-baking-bachman.md [mtime-fallback] → memory fe8cfd40-7c87-4cf9-89d7-e4fd74cfaee2 (project: criticalpixel)
[2026-03-19T02:59:39.379Z] ExitPlanMode fired — session: test-content-match, cwd: /Users/danilokhury/Apps/CriticalPixel
[2026-03-19T02:59:39.379Z] tool_response length: 1626, first 200 chars: # Fix: Hide "New All Time Lows" when < 10 deals for currency\n\n## Context\nThe "New All Time Lows" section on the deals page stays visible even when empty or nearly empty for certain currencies. It shou
[2026-03-19T02:59:39.565Z] Stored plan: synthetic-baking-bachman.md [exact-content] → memory f466b2e1-e8de-48b3-b8fc-4ecff8e2f74f (project: criticalpixel)
[2026-03-27T03:33:18.769Z] Hook invoked — tool_name: "EnterPlanMode", session: ed191971-d00b-4ceb-83aa-c0b5cf9393c8, cwd: /Users/danilokhury/Apps/Synabun
[2026-03-27T03:33:18.771Z] EnterPlanMode fired — injecting AskUserQuestion reminder
[2026-03-28T00:44:03.087Z] Hook invoked — tool_name: "ExitPlanMode", session: test-hook-plan-001, cwd: /Users/danilokhury/Apps/Synabun
[2026-03-28T00:44:03.089Z] ExitPlanMode fired — tool_response length: 62, first 200 chars: # Test Plan\n\nThis is a test plan content for content matching.
[2026-03-28T00:44:03.275Z] Stored plan: synthetic-baking-bachman.md [mtime-fallback] → memory 94891b4f-4fa0-4995-be97-722937724e1e (project: synabun)
[2026-03-28T00:44:06.163Z] Hook invoked — tool_name: "ExitPlanMode", session: test-hook-plan-001, cwd: /Users/danilokhury/Apps/Synabun
[2026-03-28T00:44:06.164Z] ExitPlanMode fired — tool_response length: 0, first 200 chars: 
[2026-03-28T00:44:06.349Z] Stored plan: twinkling-shimmying-shamir.md [mtime-fallback] → memory 5a3ad7b6-5218-4b4a-99df-b06cfe88175a (project: synabun)
[2026-03-28T00:46:07.417Z] Hook invoked — tool_name: "ExitPlanMode", session: test-hook-plan-001, cwd: /Users/danilokhury/Apps/Synabun
[2026-03-28T00:46:07.419Z] ExitPlanMode fired — tool_response length: 62, first 200 chars: # Test Plan\n\nThis is a test plan content for content matching.
[2026-03-28T00:46:07.607Z] Stored plan: composed-strolling-lake.md [mtime-fallback] → memory 0b951e59-69af-45fd-8709-cb1c9505f3bf (project: synabun)
[2026-03-28T00:46:10.493Z] Hook invoked — tool_name: "ExitPlanMode", session: test-hook-plan-001, cwd: /Users/danilokhury/Apps/Synabun
[2026-03-28T00:46:10.494Z] ExitPlanMode fired — tool_response length: 0, first 200 chars: 
[2026-03-28T00:46:10.679Z] Stored plan: federated-conjuring-clarke.md [mtime-fallback] → memory 64ece915-0334-4231-83d8-95f7cc9ee2e9 (project: synabun)
[2026-03-28T00:46:47.240Z] Hook invoked — tool_name: "ExitPlanMode", session: test-hook-plan-001, cwd: /Users/danilokhury/Apps/Synabun
[2026-03-28T00:46:47.241Z] ExitPlanMode fired — tool_response length: 62, first 200 chars: # Test Plan\n\nThis is a test plan content for content matching.
[2026-03-28T00:46:47.433Z] Stored plan: wobbly-nibbling-neumann.md [mtime-fallback] → memory a2e4e37f-1f73-4161-a2cb-9dc1328c0e7a (project: synabun)
[2026-03-28T00:46:50.316Z] Hook invoked — tool_name: "ExitPlanMode", session: test-hook-plan-001, cwd: /Users/danilokhury/Apps/Synabun
[2026-03-28T00:46:50.317Z] ExitPlanMode fired — tool_response length: 0, first 200 chars: 
[2026-03-28T00:46:50.503Z] Stored plan: flickering-bouncing-parrot.md [mtime-fallback] → memory 8eec36a9-2674-4a72-ac09-fb51c7f7f305 (project: synabun)
[2026-03-28T00:48:18.405Z] Hook invoked — tool_name: "ExitPlanMode", session: test-hook-plan-001, cwd: /Users/danilokhury/Apps/Synabun
[2026-03-28T00:48:18.406Z] ExitPlanMode fired — tool_response length: 62, first 200 chars: # Test Plan\n\nThis is a test plan content for content matching.
[2026-03-28T00:48:18.605Z] Stored plan: vast-munching-crown.md [mtime-fallback] → memory 5c7793be-a127-48a2-9b54-6fac6e9e1300 (project: synabun)
[2026-03-28T00:48:21.481Z] Hook invoked — tool_name: "ExitPlanMode", session: test-hook-plan-001, cwd: /Users/danilokhury/Apps/Synabun
[2026-03-28T00:48:21.482Z] ExitPlanMode fired — tool_response length: 0, first 200 chars: 
[2026-03-28T00:48:21.672Z] Stored plan: humble-shimmying-star.md [mtime-fallback] → memory 89b71abb-b736-4d3f-b0d5-a8b59fae08da (project: synabun)
[2026-03-28T02:57:39.371Z] Hook invoked — tool_name: "ExitPlanMode", session: test-hook-plan-001, cwd: /Users/danilokhury/Apps/Synabun
[2026-03-28T02:57:39.372Z] ExitPlanMode fired — tool_response length: 62, first 200 chars: # Test Plan\n\nThis is a test plan content for content matching.
[2026-03-28T02:57:39.578Z] Stored plan: sparkling-kindling-shell.md [mtime-fallback] → memory 3596e613-c4be-4291-ba97-cef6586e04d3 (project: synabun)
[2026-03-28T02:57:42.434Z] Hook invoked — tool_name: "ExitPlanMode", session: test-hook-plan-001, cwd: /Users/danilokhury/Apps/Synabun
[2026-03-28T02:57:42.435Z] ExitPlanMode fired — tool_response length: 0, first 200 chars: 
[2026-03-28T02:57:42.659Z] Stored plan: swirling-enchanting-cray.md [mtime-fallback] → memory 19ff7bf8-61a0-4882-ad13-03ed58f9832c (project: synabun)
[2026-03-28T02:57:53.308Z] Hook invoked — tool_name: "ExitPlanMode", session: test-hook-plan-001, cwd: /Users/danilokhury/Apps/Synabun
[2026-03-28T02:57:53.309Z] ExitPlanMode fired — tool_response length: 62, first 200 chars: # Test Plan\n\nThis is a test plan content for content matching.
[2026-03-28T02:57:56.356Z] Hook invoked — tool_name: "ExitPlanMode", session: test-hook-plan-001, cwd: /Users/danilokhury/Apps/Synabun
[2026-03-28T02:57:56.357Z] ExitPlanMode fired — tool_response length: 0, first 200 chars: 
[2026-03-28T03:00:00.548Z] Hook invoked — tool_name: "ExitPlanMode", session: test-hook-plan-001, cwd: /Users/danilokhury/Apps/Synabun
[2026-03-28T03:00:00.549Z] ExitPlanMode fired — tool_response length: 62, first 200 chars: # Test Plan\n\nThis is a test plan content for content matching.
[2026-03-28T03:00:03.634Z] Hook invoked — tool_name: "ExitPlanMode", session: test-hook-plan-001, cwd: /Users/danilokhury/Apps/Synabun
[2026-03-28T03:00:03.635Z] ExitPlanMode fired — tool_response length: 0, first 200 chars: 
[2026-03-28T03:01:30.205Z] Hook invoked — tool_name: "ExitPlanMode", session: test-hook-plan-001, cwd: /Users/danilokhury/Apps/Synabun
[2026-03-28T03:01:30.206Z] ExitPlanMode fired — tool_response length: 62, first 200 chars: # Test Plan\n\nThis is a test plan content for content matching.
[2026-03-28T03:01:33.253Z] Hook invoked — tool_name: "ExitPlanMode", session: test-hook-plan-001, cwd: /Users/danilokhury/Apps/Synabun
[2026-03-28T03:01:33.254Z] ExitPlanMode fired — tool_response length: 0, first 200 chars: 
[2026-03-28T19:29:37.736Z] Hook invoked — tool_name: "EnterPlanMode", session: 4945035f-bfe5-40dd-93ca-4f840de00f5a, cwd: /Users/danilokhury/Apps/Synabun
[2026-03-28T19:29:37.737Z] EnterPlanMode fired — injecting AskUserQuestion reminder
